TN:
SF:src/dup.ts
FN:9,(anonymous_2)
FN:14,Dup
FN:18,(anonymous_4)
FN:22,(anonymous_5)
FN:28,(anonymous_6)
FN:29,(anonymous_7)
FNF:6
FNH:4
FNDA:7,(anonymous_2)
FNDA:42,Dup
FNDA:213,(anonymous_4)
FNDA:213,(anonymous_5)
FNDA:0,(anonymous_6)
FNDA:0,(anonymous_7)
DA:5,7
DA:9,7
DA:10,42
DA:11,42
DA:14,84
DA:15,42
DA:18,7
DA:19,213
DA:22,7
DA:23,213
DA:25,213
DA:26,31
DA:27,31
DA:28,31
DA:29,0
DA:30,0
DA:31,0
DA:32,0
DA:34,0
DA:36,0
DA:39,213
DA:41,7
LF:22
LH:16
BRDA:14,0,0,42
BRDA:14,0,1,0
BRDA:19,1,0,24
BRDA:19,1,1,189
BRDA:25,2,0,31
BRDA:25,2,1,182
BRDA:31,3,0,0
BRDA:31,3,1,0
BRF:8
BRH:5
end_of_record
TN:
SF:src/index.ts
FN:6,wrap
FN:23,(anonymous_5)
FN:23,(anonymous_6)
FN:23,(anonymous_7)
FN:23,(anonymous_8)
FNF:5
FNH:1
FNDA:4,wrap
FNDA:0,(anonymous_5)
FNDA:0,(anonymous_6)
FNDA:0,(anonymous_7)
FNDA:0,(anonymous_8)
DA:1,7
DA:2,7
DA:3,7
DA:4,7
DA:6,7
DA:7,4
DA:8,4
DA:10,4
DA:11,4
DA:12,4
DA:14,4
DA:16,4
DA:17,4
DA:18,4
DA:21,7
DA:22,7
DA:23,7
LF:17
LH:17
BRDA:6,0,0,2
BRDA:6,0,1,2
BRDA:7,1,0,2
BRDA:7,1,1,2
BRDA:7,2,0,4
BRDA:7,2,1,4
BRDA:8,3,0,4
BRDA:8,3,1,4
BRDA:8,4,0,0
BRDA:8,4,1,4
BRDA:8,5,0,4
BRDA:8,5,1,4
BRDA:11,6,0,0
BRDA:11,6,1,4
BRF:14
BRH:12
end_of_record
TN:
SF:src/json-serializer.ts
FN:17,encodeError
FN:21,decodeError
FN:25,(anonymous_2)
FN:45,(anonymous_3)
FN:49,(anonymous_4)
FN:55,(anonymous_5)
FN:66,(anonymous_6)
FN:86,(anonymous_7)
FN:90,(anonymous_8)
FN:100,(anonymous_9)
FNF:10
FNH:8
FNDA:16,encodeError
FNDA:16,decodeError
FNDA:24,(anonymous_2)
FNDA:4,(anonymous_3)
FNDA:24,(anonymous_4)
FNDA:0,(anonymous_5)
FNDA:24,(anonymous_6)
FNDA:4,(anonymous_7)
FNDA:24,(anonymous_8)
FNDA:0,(anonymous_9)
DA:1,7
DA:2,7
DA:10,7
DA:18,16
DA:22,16
DA:25,7
DA:26,24
DA:27,20
DA:29,4
DA:30,4
DA:32,4
DA:33,4
DA:35,4
DA:36,4
DA:38,4
DA:39,4
DA:42,24
DA:45,7
DA:46,4
DA:47,4
DA:48,4
DA:49,4
DA:50,24
DA:51,0
DA:52,0
DA:55,0
DA:56,0
DA:58,0
DA:60,24
DA:61,24
DA:66,7
DA:67,24
DA:68,20
DA:70,4
DA:71,4
DA:73,4
DA:74,4
DA:76,4
DA:77,4
DA:79,4
DA:80,4
DA:83,24
DA:86,7
DA:87,4
DA:88,4
DA:89,4
DA:90,4
DA:91,24
DA:92,24
DA:93,24
DA:95,24
DA:96,0
DA:97,0
DA:100,0
DA:101,0
DA:102,0
DA:105,24
DA:106,24
DA:111,7
DA:112,7
LF:60
LH:50
BRDA:18,0,0,0
BRDA:18,0,1,16
BRDA:22,1,0,0
BRDA:22,1,1,16
BRDA:26,2,0,20
BRDA:26,2,1,4
BRDA:28,3,0,4
BRDA:28,3,1,4
BRDA:28,3,2,4
BRDA:28,3,3,4
BRDA:45,4,0,0
BRDA:45,4,1,4
BRDA:46,5,0,4
BRDA:46,5,1,0
BRDA:46,6,0,4
BRDA:46,6,1,4
BRDA:47,7,0,4
BRDA:47,7,1,4
BRDA:47,8,0,4
BRDA:47,8,1,0
BRDA:47,9,0,4
BRDA:47,9,1,4
BRDA:48,10,0,0
BRDA:48,10,1,4
BRDA:50,11,0,0
BRDA:50,11,1,24
BRDA:51,12,0,0
BRDA:51,12,1,0
BRDA:67,13,0,20
BRDA:67,13,1,4
BRDA:69,14,0,4
BRDA:69,14,1,4
BRDA:69,14,2,4
BRDA:69,14,3,4
BRDA:86,15,0,0
BRDA:86,15,1,4
BRDA:87,16,0,4
BRDA:87,16,1,0
BRDA:87,17,0,4
BRDA:87,17,1,4
BRDA:88,18,0,4
BRDA:88,18,1,4
BRDA:88,19,0,4
BRDA:88,19,1,0
BRDA:88,20,0,4
BRDA:88,20,1,4
BRDA:89,21,0,0
BRDA:89,21,1,4
BRDA:92,22,0,24
BRDA:92,22,1,0
BRDA:95,23,0,0
BRDA:95,23,1,24
BRDA:96,24,0,0
BRDA:96,24,1,0
BRF:54
BRH:37
end_of_record
TN:
SF:src/mesh-node.ts
FN:14,(anonymous_13)
FN:22,(anonymous_14)
FN:32,(anonymous_15)
FN:42,(anonymous_16)
FN:53,(anonymous_17)
FN:64,(anonymous_18)
FN:74,(anonymous_19)
FN:84,(anonymous_20)
FN:166,(anonymous_21)
FN:176,MeshNode
FN:188,(anonymous_23)
FN:192,(anonymous_24)
FN:196,(anonymous_25)
FN:200,(anonymous_26)
FN:204,(anonymous_27)
FN:208,(anonymous_28)
FN:212,(anonymous_29)
FN:216,(anonymous_30)
FN:220,(anonymous_31)
FN:226,(anonymous_32)
FN:238,(anonymous_33)
FN:251,(anonymous_34)
FN:252,(anonymous_37)
FN:265,(anonymous_40)
FN:279,(anonymous_41)
FN:280,(anonymous_42)
FN:290,(anonymous_45)
FN:299,(anonymous_46)
FN:305,(anonymous_47)
FN:331,(anonymous_50)
FN:332,(anonymous_51)
FN:343,(anonymous_52)
FNF:32
FNH:29
FNDA:7,(anonymous_13)
FNDA:7,(anonymous_14)
FNDA:7,(anonymous_15)
FNDA:7,(anonymous_16)
FNDA:7,(anonymous_17)
FNDA:7,(anonymous_18)
FNDA:7,(anonymous_19)
FNDA:7,(anonymous_20)
FNDA:7,(anonymous_21)
FNDA:42,MeshNode
FNDA:213,(anonymous_23)
FNDA:215,(anonymous_24)
FNDA:25,(anonymous_25)
FNDA:5,(anonymous_26)
FNDA:0,(anonymous_27)
FNDA:0,(anonymous_28)
FNDA:0,(anonymous_29)
FNDA:51,(anonymous_30)
FNDA:26,(anonymous_31)
FNDA:25,(anonymous_32)
FNDA:44,(anonymous_33)
FNDA:423,(anonymous_34)
FNDA:846,(anonymous_37)
FNDA:253,(anonymous_40)
FNDA:14,(anonymous_41)
FNDA:28,(anonymous_42)
FNDA:6,(anonymous_45)
FNDA:3,(anonymous_46)
FNDA:50,(anonymous_47)
FNDA:44,(anonymous_50)
FNDA:12,(anonymous_51)
FNDA:423,(anonymous_52)
DA:1,7
DA:2,7
DA:3,7
DA:4,7
DA:11,7
DA:12,7
DA:14,7
DA:15,7
DA:16,7
DA:17,7
DA:18,7
DA:19,7
DA:22,7
DA:23,7
DA:24,7
DA:25,7
DA:26,7
DA:27,7
DA:28,7
DA:29,7
DA:32,7
DA:33,7
DA:34,7
DA:35,7
DA:36,7
DA:37,7
DA:38,7
DA:39,7
DA:42,7
DA:43,7
DA:44,7
DA:45,7
DA:46,7
DA:47,7
DA:48,7
DA:49,7
DA:50,7
DA:53,7
DA:54,7
DA:55,7
DA:56,7
DA:57,7
DA:58,7
DA:59,7
DA:60,7
DA:61,7
DA:64,7
DA:65,7
DA:66,7
DA:67,7
DA:68,7
DA:69,7
DA:70,7
DA:71,7
DA:74,7
DA:75,7
DA:76,7
DA:77,7
DA:78,7
DA:79,7
DA:80,7
DA:81,7
DA:84,7
DA:85,7
DA:86,7
DA:87,7
DA:88,7
DA:89,7
DA:90,7
DA:164,7
DA:166,7
DA:167,42
DA:169,42
DA:171,42
DA:172,42
DA:173,42
DA:174,42
DA:177,42
DA:178,22
DA:179,20
DA:180,20
DA:181,20
DA:183,0
DA:185,42
DA:188,7
DA:189,213
DA:192,7
DA:193,215
DA:196,7
DA:197,25
DA:200,7
DA:201,5
DA:204,7
DA:205,0
DA:208,7
DA:209,0
DA:212,7
DA:213,0
DA:216,7
DA:217,51
DA:220,7
DA:221,26
DA:222,26
DA:223,26
DA:226,7
DA:232,25
DA:233,25
DA:234,25
DA:235,25
DA:238,7
DA:239,44
DA:240,44
DA:241,31
DA:243,13
DA:245,44
DA:246,44
DA:247,44
DA:248,44
DA:251,7
DA:252,423
DA:253,796
DA:254,100
DA:257,423
DA:258,484
DA:260,484
DA:261,229
DA:265,194
DA:266,253
DA:267,222
DA:268,12
DA:269,3
DA:272,210
DA:279,14
DA:280,14
DA:281,14
DA:282,14
DA:283,14
DA:284,14
DA:286,0
DA:290,7
DA:291,6
DA:292,6
DA:293,6
DA:294,6
DA:296,0
DA:299,7
DA:300,3
DA:301,3
DA:305,7
DA:306,50
DA:307,50
DA:308,50
DA:310,77
DA:311,52
DA:312,52
DA:313,25
DA:314,25
DA:315,25
DA:324,25
DA:325,25
DA:328,25
DA:331,7
DA:332,44
DA:333,12
DA:334,4
DA:335,8
DA:336,0
DA:338,8
DA:343,7
DA:344,423
DA:346,88
DA:347,88
DA:348,88
DA:349,90
DA:350,90
DA:351,0
DA:354,88
DA:356,7
LF:178
LH:170
BRDA:14,0,0,7
BRDA:14,0,1,7
BRDA:22,1,0,7
BRDA:22,1,1,7
BRDA:32,2,0,7
BRDA:32,2,1,7
BRDA:42,3,0,7
BRDA:42,3,1,7
BRDA:53,4,0,7
BRDA:53,4,1,7
BRDA:64,5,0,7
BRDA:64,5,1,7
BRDA:74,6,0,7
BRDA:74,6,1,7
BRDA:84,7,0,7
BRDA:84,7,1,7
BRDA:177,8,0,22
BRDA:177,8,1,20
BRDA:178,9,0,22
BRDA:178,9,1,0
BRDA:178,10,0,22
BRDA:178,10,1,22
BRDA:179,11,0,20
BRDA:179,11,1,0
BRDA:181,12,0,20
BRDA:181,12,1,0
BRDA:181,13,0,20
BRDA:181,13,1,20
BRDA:183,14,0,0
BRDA:183,14,1,0
BRDA:183,15,0,0
BRDA:183,15,1,0
BRDA:240,16,0,31
BRDA:240,16,1,13
BRDA:253,17,0,373
BRDA:253,17,1,50
BRDA:253,18,0,423
BRDA:253,18,1,88
BRDA:260,19,0,229
BRDA:260,19,1,255
BRDA:260,20,0,484
BRDA:260,20,1,285
BRDA:266,21,0,222
BRDA:266,21,1,31
BRDA:267,22,0,12
BRDA:267,22,1,210
BRDA:268,23,0,3
BRDA:268,23,1,9
BRDA:282,24,0,14
BRDA:282,24,1,0
BRDA:292,25,0,6
BRDA:292,25,1,0
BRDA:300,26,0,3
BRDA:300,26,1,0
BRDA:328,27,0,25
BRDA:310,28,0,25
BRDA:310,28,1,52
BRDA:312,29,0,25
BRDA:312,29,1,27
BRDA:333,30,0,4
BRDA:333,30,1,8
BRDA:335,31,0,0
BRDA:335,31,1,8
BRDA:344,32,0,335
BRDA:344,32,1,88
BRDA:350,33,0,0
BRDA:350,33,1,90
BRDA:350,34,0,90
BRDA:350,34,1,32
BRF:69
BRH:57
end_of_record
TN:
SF:src/mesh-stream/global-timer.ts
FN:11,(anonymous_6)
FN:14,RefCountTimer
FN:19,(anonymous_8)
FN:25,(anonymous_9)
FN:33,(anonymous_10)
FN:41,(anonymous_11)
FN:47,(anonymous_12)
FN:53,(anonymous_13)
FNF:8
FNH:7
FNDA:7,(anonymous_6)
FNDA:7,RefCountTimer
FNDA:101,(anonymous_8)
FNDA:5,(anonymous_9)
FNDA:100,(anonymous_10)
FNDA:101,(anonymous_11)
FNDA:0,(anonymous_12)
FNDA:100,(anonymous_13)
DA:1,7
DA:3,7
DA:11,7
DA:12,7
DA:15,7
DA:16,7
DA:19,7
DA:20,101
DA:21,40
DA:25,7
DA:26,5
DA:27,5
DA:28,5
DA:29,3
DA:33,7
DA:34,100
DA:35,37
DA:36,37
DA:37,37
DA:41,7
DA:42,101
DA:43,101
DA:44,101
DA:47,7
DA:48,0
DA:49,0
DA:50,0
DA:53,7
DA:54,100
DA:55,100
DA:56,100
DA:58,7
DA:60,7
LF:33
LH:30
BRDA:15,0,0,7
BRDA:15,0,1,7
BRDA:20,1,0,40
BRDA:20,1,1,61
BRDA:28,2,0,3
BRDA:28,2,1,2
BRDA:34,3,0,37
BRDA:34,3,1,63
BRDA:34,4,0,100
BRDA:34,4,1,97
BRF:10
BRH:10
end_of_record
TN:
SF:src/mesh-stream/index.ts
FNF:0
FNH:0
DA:1,7
DA:2,7
DA:3,7
LF:3
LH:3
BRF:0
BRH:0
end_of_record
TN:
SF:src/mesh-stream/mesh-stream.ts
FN:6,(anonymous_6)
FN:26,MeshStream
FN:18,(anonymous_8)
FN:22,(anonymous_9)
FNF:4
FNH:3
FNDA:7,(anonymous_6)
FNDA:95,MeshStream
FNDA:51,(anonymous_8)
FNDA:0,(anonymous_9)
DA:4,7
DA:6,7
DA:7,95
DA:11,95
DA:12,95
DA:13,95
DA:14,95
DA:16,95
DA:18,7
DA:19,51
DA:22,7
DA:23,0
DA:27,95
DA:28,95
DA:29,95
DA:31,7
LF:16
LH:15
BRDA:27,0,0,95
BRDA:27,0,1,95
BRF:2
BRH:2
end_of_record
TN:
SF:src/mesh-stream/touch-man.ts
FN:4,(anonymous_0)
FN:9,TouchMan
FN:17,(anonymous_2)
FN:23,(anonymous_3)
FN:31,(anonymous_4)
FN:35,(anonymous_5)
FN:42,(anonymous_6)
FN:47,(anonymous_7)
FN:51,(anonymous_8)
FNF:9
FNH:6
FNDA:7,(anonymous_0)
FNDA:101,TouchMan
FNDA:9,(anonymous_2)
FNDA:101,(anonymous_3)
FNDA:0,(anonymous_4)
FNDA:100,(anonymous_5)
FNDA:74,(anonymous_6)
FNDA:0,(anonymous_7)
FNDA:0,(anonymous_8)
DA:1,7
DA:2,7
DA:4,7
DA:5,101
DA:6,101
DA:7,101
DA:10,101
DA:11,101
DA:13,101
DA:14,101
DA:17,7
DA:18,9
DA:19,3
DA:23,7
DA:24,101
DA:25,101
DA:26,101
DA:27,101
DA:31,7
DA:32,0
DA:35,7
DA:36,100
DA:37,100
DA:38,100
DA:42,7
DA:43,74
DA:44,74
DA:47,7
DA:48,0
DA:51,7
DA:52,0
DA:54,7
LF:32
LH:29
BRDA:11,0,0,0
BRDA:11,0,1,101
BRDA:18,1,0,3
BRDA:18,1,1,6
BRDA:24,2,0,101
BRDA:24,2,1,0
BRDA:36,3,0,100
BRDA:36,3,1,0
BRF:8
BRH:5
end_of_record
TN:
SF:src/mesh-stream/port-stream/index.ts
FN:44,(anonymous_19)
FN:59,PortStream
FN:72,(anonymous_21)
FN:79,(anonymous_22)
FN:93,(anonymous_23)
FN:93,(anonymous_24)
FN:102,(anonymous_26)
FN:102,(anonymous_27)
FN:111,(anonymous_29)
FN:119,(anonymous_30)
FN:123,(anonymous_31)
FN:127,(anonymous_32)
FN:131,(anonymous_33)
FN:135,(anonymous_34)
FN:139,(anonymous_35)
FN:143,(anonymous_36)
FN:147,(anonymous_37)
FN:151,(anonymous_38)
FN:155,(anonymous_39)
FN:159,(anonymous_40)
FN:165,(anonymous_41)
FN:169,(anonymous_42)
FN:174,(anonymous_43)
FN:182,(anonymous_44)
FN:195,(anonymous_45)
FN:208,(anonymous_46)
FN:220,(anonymous_47)
FN:231,(anonymous_48)
FN:238,(anonymous_49)
FN:242,(anonymous_50)
FN:246,(anonymous_51)
FN:255,(anonymous_52)
FN:262,(anonymous_53)
FN:354,(anonymous_54)
FN:361,(anonymous_55)
FN:363,(anonymous_56)
FN:369,(anonymous_57)
FN:371,(anonymous_58)
FN:381,(anonymous_59)
FN:383,(anonymous_60)
FN:389,(anonymous_61)
FN:393,(anonymous_62)
FN:398,(anonymous_63)
FNF:43
FNH:42
FNDA:7,(anonymous_19)
FNDA:51,PortStream
FNDA:13,(anonymous_21)
FNDA:50,(anonymous_22)
FNDA:50,(anonymous_23)
FNDA:50,(anonymous_24)
FNDA:50,(anonymous_26)
FNDA:50,(anonymous_27)
FNDA:49,(anonymous_29)
FNDA:153,(anonymous_30)
FNDA:51,(anonymous_31)
FNDA:1478,(anonymous_32)
FNDA:25,(anonymous_33)
FNDA:196,(anonymous_34)
FNDA:50,(anonymous_35)
FNDA:115,(anonymous_36)
FNDA:25,(anonymous_37)
FNDA:256,(anonymous_38)
FNDA:107,(anonymous_39)
FNDA:0,(anonymous_40)
FNDA:52,(anonymous_41)
FNDA:51,(anonymous_42)
FNDA:50,(anonymous_43)
FNDA:52,(anonymous_44)
FNDA:47,(anonymous_45)
FNDA:28,(anonymous_46)
FNDA:10,(anonymous_47)
FNDA:238,(anonymous_48)
FNDA:1,(anonymous_49)
FNDA:1,(anonymous_50)
FNDA:285,(anonymous_51)
FNDA:221,(anonymous_52)
FNDA:98,(anonymous_53)
FNDA:100,(anonymous_54)
FNDA:133,(anonymous_55)
FNDA:133,(anonymous_56)
FNDA:177,(anonymous_57)
FNDA:176,(anonymous_58)
FNDA:2,(anonymous_59)
FNDA:2,(anonymous_60)
FNDA:47,(anonymous_61)
FNDA:47,(anonymous_62)
FNDA:112,(anonymous_63)
DA:1,7
DA:3,7
DA:12,7
DA:32,7
DA:33,7
DA:34,7
DA:44,7
DA:46,51
DA:47,51
DA:48,51
DA:51,51
DA:57,51
DA:60,51
DA:61,51
DA:63,97
DA:65,51
DA:66,51
DA:67,51
DA:68,51
DA:69,51
DA:71,51
DA:73,13
DA:74,13
DA:78,51
DA:80,50
DA:81,50
DA:85,51
DA:93,50
DA:94,50
DA:95,72
DA:96,35
DA:97,7
DA:98,0
DA:102,50
DA:103,50
DA:104,77
DA:105,29
DA:106,6
DA:107,1
DA:112,49
DA:113,49
DA:114,49
DA:119,7
DA:120,153
DA:123,7
DA:124,51
DA:127,7
DA:128,1478
DA:131,7
DA:132,25
DA:135,7
DA:136,196
DA:140,50
DA:143,7
DA:144,115
DA:147,7
DA:148,25
DA:151,7
DA:152,256
DA:155,7
DA:156,107
DA:160,0
DA:161,0
DA:162,0
DA:165,103
DA:166,52
DA:169,102
DA:170,51
DA:171,51
DA:174,100
DA:175,50
DA:176,0
DA:177,0
DA:179,50
DA:182,104
DA:183,52
DA:195,94
DA:196,47
DA:208,56
DA:209,28
DA:220,20
DA:221,10
DA:231,7
DA:232,238
DA:235,238
DA:238,7
DA:239,1
DA:242,7
DA:243,1
DA:246,285
DA:247,285
DA:255,285
DA:256,221
DA:257,50
DA:258,50
DA:262,285
DA:263,98
DA:264,48
DA:268,285
DA:270,62
DA:271,62
DA:272,62
DA:273,62
DA:274,62
DA:275,55
DA:276,25
DA:278,55
DA:279,50
DA:280,50
DA:281,50
DA:282,50
DA:283,50
DA:284,2
DA:285,2
DA:287,48
DA:288,48
DA:290,50
DA:293,62
DA:296,64
DA:297,64
DA:298,64
DA:299,64
DA:300,64
DA:301,54
DA:302,50
DA:303,50
DA:304,50
DA:305,50
DA:306,50
DA:307,0
DA:308,0
DA:310,50
DA:311,50
DA:313,50
DA:316,64
DA:318,64
DA:319,64
DA:320,64
DA:321,50
DA:323,64
DA:325,61
DA:326,61
DA:327,61
DA:328,47
DA:330,61
DA:332,24
DA:333,24
DA:334,24
DA:335,24
DA:337,24
DA:339,10
DA:341,10
DA:342,10
DA:344,10
DA:345,8
DA:347,10
DA:349,0
DA:351,285
DA:354,7
DA:355,100
DA:356,100
DA:357,50
DA:361,133
DA:362,133
DA:363,133
DA:364,133
DA:365,133
DA:369,177
DA:370,177
DA:371,177
DA:372,176
DA:377,176
DA:381,7
DA:382,2
DA:383,2
DA:384,2
DA:385,2
DA:389,7
DA:390,47
DA:393,47
DA:394,47
DA:398,7
DA:399,112
DA:404,14
DA:405,14
DA:407,14
DA:410,7
LF:187
LH:178
BRDA:63,0,0,46
BRDA:63,0,1,5
BRDA:65,1,0,51
BRDA:65,1,1,0
BRDA:69,2,0,5
BRDA:69,2,1,46
BRDA:69,3,0,51
BRDA:69,3,1,51
BRDA:95,4,0,22
BRDA:95,4,1,28
BRDA:97,5,0,0
BRDA:97,5,1,7
BRDA:104,6,0,27
BRDA:104,6,1,23
BRDA:106,7,0,1
BRDA:106,7,1,5
BRDA:165,8,0,51
BRDA:165,8,1,1
BRDA:169,9,0,51
BRDA:169,9,1,0
BRDA:170,10,0,0
BRDA:170,10,1,51
BRDA:170,11,0,51
BRDA:170,11,1,51
BRDA:174,12,0,50
BRDA:174,12,1,0
BRDA:175,13,0,0
BRDA:175,13,1,50
BRDA:176,14,0,0
BRDA:176,14,1,0
BRDA:176,15,0,0
BRDA:176,15,1,0
BRDA:182,16,0,52
BRDA:182,16,1,0
BRDA:195,17,0,47
BRDA:195,17,1,0
BRDA:208,18,0,28
BRDA:208,18,1,0
BRDA:220,19,0,10
BRDA:220,19,1,0
BRDA:256,20,0,50
BRDA:256,20,1,171
BRDA:263,21,0,48
BRDA:263,21,1,50
BRDA:269,22,0,62
BRDA:269,22,1,64
BRDA:269,22,2,64
BRDA:269,22,3,61
BRDA:269,22,4,24
BRDA:269,22,5,10
BRDA:269,22,6,0
BRDA:274,23,0,55
BRDA:274,23,1,7
BRDA:275,24,0,25
BRDA:275,24,1,30
BRDA:278,25,0,50
BRDA:278,25,1,5
BRDA:283,26,0,2
BRDA:283,26,1,48
BRDA:300,27,0,54
BRDA:300,27,1,10
BRDA:301,28,0,50
BRDA:301,28,1,4
BRDA:306,29,0,0
BRDA:306,29,1,50
BRDA:320,30,0,50
BRDA:320,30,1,14
BRDA:327,31,0,47
BRDA:327,31,1,14
BRDA:334,32,0,24
BRDA:334,32,1,0
BRDA:344,33,0,8
BRDA:344,33,1,2
BRDA:344,34,0,10
BRDA:344,34,1,9
BRDA:355,35,0,0
BRDA:355,35,1,100
BRDA:355,36,0,100
BRDA:355,36,1,100
BRDA:356,37,0,50
BRDA:356,37,1,50
BRDA:399,38,0,14
BRDA:399,38,1,98
BRDA:400,39,0,112
BRDA:400,39,1,87
BRDA:400,39,2,60
BRDA:400,39,3,59
BRF:87
BRH:69
end_of_record
TN:
SF:src/mesh-stream/port-stream/mesh-read-man.ts
FN:17,(anonymous_1)
FN:29,MeshReadMan
FN:36,(anonymous_3)
FN:40,(anonymous_4)
FN:44,(anonymous_5)
FN:48,(anonymous_6)
FN:64,(anonymous_7)
FN:77,(anonymous_8)
FN:85,(anonymous_9)
FN:97,(anonymous_10)
FN:111,(anonymous_11)
FN:120,(anonymous_12)
FN:139,(anonymous_13)
FN:148,(anonymous_14)
FN:167,(anonymous_15)
FN:172,(anonymous_16)
FN:188,(anonymous_17)
FN:195,(anonymous_18)
FN:202,(anonymous_19)
FN:205,MeshRead
FN:215,(anonymous_21)
FN:219,(anonymous_22)
FN:223,(anonymous_23)
FN:227,(anonymous_24)
FN:232,(anonymous_25)
FN:237,(anonymous_26)
FN:244,(anonymous_27)
FNF:27
FNH:24
FNDA:7,(anonymous_1)
FNDA:51,MeshReadMan
FNDA:333,(anonymous_3)
FNDA:59,(anonymous_4)
FNDA:60,(anonymous_5)
FNDA:133,(anonymous_6)
FNDA:98,(anonymous_7)
FNDA:2,(anonymous_8)
FNDA:47,(anonymous_9)
FNDA:233,(anonymous_10)
FNDA:2,(anonymous_11)
FNDA:55,(anonymous_12)
FNDA:11,(anonymous_13)
FNDA:286,(anonymous_14)
FNDA:52,(anonymous_15)
FNDA:0,(anonymous_16)
FNDA:57,(anonymous_17)
FNDA:13,(anonymous_18)
FNDA:7,(anonymous_19)
FNDA:100,MeshRead
FNDA:0,(anonymous_21)
FNDA:131,(anonymous_22)
FNDA:0,(anonymous_23)
FNDA:52,(anonymous_24)
FNDA:47,(anonymous_25)
FNDA:28,(anonymous_26)
FNDA:99,(anonymous_27)
DA:5,7
DA:7,7
DA:8,7
DA:9,7
DA:17,7
DA:18,51
DA:19,51
DA:20,51
DA:21,51
DA:22,51
DA:23,51
DA:24,51
DA:26,51
DA:27,51
DA:30,51
DA:31,51
DA:33,51
DA:36,7
DA:37,333
DA:40,7
DA:41,59
DA:44,7
DA:45,60
DA:48,7
DA:49,133
DA:50,0
DA:53,133
DA:54,133
DA:56,133
DA:58,133
DA:59,133
DA:60,0
DA:64,7
DA:65,98
DA:66,98
DA:67,98
DA:69,98
DA:71,98
DA:72,98
DA:73,8
DA:77,7
DA:78,2
DA:79,2
DA:80,2
DA:81,2
DA:82,2
DA:85,7
DA:86,47
DA:87,0
DA:90,47
DA:91,47
DA:92,47
DA:94,47
DA:97,233
DA:98,233
DA:99,2
DA:100,2
DA:104,2
DA:105,2
DA:106,2
DA:109,0
DA:111,2
DA:112,2
DA:115,2
DA:117,231
DA:120,55
DA:121,55
DA:122,55
DA:123,55
DA:127,55
DA:128,45
DA:129,45
DA:132,10
DA:134,55
DA:135,47
DA:136,47
DA:137,47
DA:139,55
DA:140,11
DA:143,55
DA:145,0
DA:148,517
DA:149,286
DA:151,286
DA:157,286
DA:158,135
DA:159,131
DA:164,52
DA:165,52
DA:166,52
DA:167,52
DA:168,52
DA:171,79
DA:172,40
DA:173,0
DA:174,0
DA:181,286
DA:182,133
DA:183,133
DA:184,133
DA:188,7
DA:189,57
DA:190,39
DA:191,39
DA:195,13
DA:196,13
DA:197,13
DA:198,13
DA:200,7
DA:202,7
DA:203,100
DA:206,100
DA:207,100
DA:208,200
DA:210,100
DA:211,100
DA:215,7
DA:216,0
DA:219,7
DA:220,131
DA:223,7
DA:224,0
DA:227,7
DA:228,52
DA:229,52
DA:232,47
DA:233,47
DA:234,47
DA:237,7
DA:238,28
DA:239,28
DA:240,28
DA:244,7
DA:245,99
DA:246,99
DA:247,99
DA:250,7
LF:137
LH:128
BRDA:31,0,0,0
BRDA:31,0,1,51
BRDA:33,1,0,51
BRDA:33,1,1,0
BRDA:33,2,0,51
BRDA:33,2,1,51
BRDA:49,3,0,0
BRDA:49,3,1,133
BRDA:56,4,0,0
BRDA:56,4,1,133
BRDA:59,5,0,0
BRDA:59,5,1,133
BRDA:69,6,0,0
BRDA:69,6,1,98
BRDA:72,7,0,8
BRDA:72,7,1,90
BRDA:77,8,0,0
BRDA:77,8,1,2
BRDA:86,9,0,0
BRDA:86,9,1,47
BRDA:98,10,0,2
BRDA:98,10,1,231
BRDA:104,11,0,2
BRDA:104,11,1,0
BRDA:121,12,0,55
BRDA:121,12,1,0
BRDA:127,13,0,45
BRDA:127,13,1,10
BRDA:134,14,0,47
BRDA:134,14,1,8
BRDA:148,15,0,231
BRDA:148,15,1,55
BRDA:157,16,0,135
BRDA:157,16,1,151
BRDA:158,17,0,131
BRDA:158,17,1,4
BRDA:159,18,0,52
BRDA:159,18,1,79
BRDA:160,19,0,131
BRDA:160,19,1,131
BRDA:160,19,2,118
BRDA:171,20,0,40
BRDA:171,20,1,39
BRDA:181,21,0,133
BRDA:181,21,1,153
BRDA:181,22,0,286
BRDA:181,22,1,286
BRDA:189,23,0,39
BRDA:189,23,1,18
BRDA:195,24,0,0
BRDA:195,24,1,13
BRDA:196,25,0,0
BRDA:196,25,1,13
BRDA:208,26,0,100
BRDA:208,26,1,0
BRDA:210,27,0,100
BRDA:210,27,1,0
BRDA:232,28,0,0
BRDA:232,28,1,47
BRDA:239,29,0,28
BRDA:239,29,1,0
BRDA:245,30,0,99
BRDA:245,30,1,0
BRF:63
BRH:46
end_of_record
TN:
SF:src/mesh-stream/port-stream/read-mesh-man.ts
FN:23,(anonymous_0)
FN:31,ReadMeshMan
FN:35,(anonymous_2)
FN:39,(anonymous_3)
FN:43,(anonymous_4)
FN:70,(anonymous_5)
FN:81,(anonymous_6)
FN:89,(anonymous_7)
FN:97,(anonymous_8)
FN:105,(anonymous_9)
FN:115,(anonymous_10)
FN:123,(anonymous_11)
FN:127,(anonymous_12)
FN:132,(anonymous_13)
FN:143,(anonymous_14)
FN:151,(anonymous_15)
FN:163,(anonymous_16)
FN:168,ReadMesh
FN:177,(anonymous_18)
FN:193,(anonymous_19)
FN:197,(anonymous_20)
FN:201,(anonymous_21)
FN:211,(anonymous_22)
FN:220,(anonymous_23)
FN:225,(anonymous_24)
FN:233,(anonymous_25)
FN:242,(anonymous_26)
FN:246,(anonymous_27)
FN:250,(anonymous_28)
FN:254,(anonymous_29)
FNF:30
FNH:26
FNDA:7,(anonymous_0)
FNDA:51,ReadMeshMan
FNDA:146,(anonymous_2)
FNDA:87,(anonymous_3)
FNDA:177,(anonymous_4)
FNDA:2,(anonymous_5)
FNDA:64,(anonymous_6)
FNDA:24,(anonymous_7)
FNDA:61,(anonymous_8)
FNDA:8,(anonymous_9)
FNDA:0,(anonymous_10)
FNDA:101,(anonymous_11)
FNDA:100,(anonymous_12)
FNDA:128,(anonymous_13)
FNDA:277,(anonymous_14)
FNDA:50,(anonymous_15)
FNDA:7,(anonymous_16)
FNDA:101,ReadMesh
FNDA:3,(anonymous_18)
FNDA:0,(anonymous_19)
FNDA:103,(anonymous_20)
FNDA:55,(anonymous_21)
FNDA:51,(anonymous_22)
FNDA:0,(anonymous_23)
FNDA:24,(anonymous_24)
FNDA:8,(anonymous_25)
FNDA:3,(anonymous_26)
FNDA:74,(anonymous_27)
FNDA:0,(anonymous_28)
FNDA:100,(anonymous_29)
DA:3,7
DA:14,7
DA:15,7
DA:23,7
DA:24,51
DA:25,51
DA:26,51
DA:28,51
DA:29,51
DA:31,51
DA:32,51
DA:35,7
DA:36,146
DA:39,7
DA:40,87
DA:43,7
DA:44,177
DA:45,0
DA:46,0
DA:50,177
DA:53,177
DA:55,177
DA:56,0
DA:57,0
DA:58,0
DA:59,0
DA:61,0
DA:62,0
DA:65,177
DA:66,99
DA:70,7
DA:71,2
DA:73,2
DA:74,0
DA:77,2
DA:78,2
DA:81,7
DA:82,64
DA:83,55
DA:84,55
DA:86,9
DA:89,7
DA:90,24
DA:91,24
DA:92,24
DA:94,0
DA:97,7
DA:98,61
DA:99,51
DA:100,51
DA:102,10
DA:105,7
DA:106,8
DA:107,8
DA:108,8
DA:109,8
DA:111,8
DA:112,8
DA:115,7
DA:116,0
DA:117,0
DA:118,0
DA:120,0
DA:123,101
DA:124,101
DA:128,100
DA:129,100
DA:130,50
DA:132,128
DA:134,100
DA:135,100
DA:136,50
DA:143,7
DA:144,277
DA:145,178
DA:146,178
DA:147,178
DA:151,100
DA:152,50
DA:154,50
DA:155,50
DA:156,50
DA:159,7
DA:163,7
DA:168,101
DA:169,101
DA:172,200
DA:174,101
DA:175,101
DA:177,101
DA:178,3
DA:179,3
DA:186,101
DA:190,101
DA:193,7
DA:194,0
DA:197,7
DA:198,103
DA:201,7
DA:202,55
DA:203,50
DA:204,50
DA:205,50
DA:206,50
DA:208,5
DA:211,7
DA:212,51
DA:213,47
DA:214,47
DA:215,47
DA:217,4
DA:220,7
DA:221,0
DA:222,0
DA:225,7
DA:226,24
DA:227,24
DA:228,24
DA:230,0
DA:233,7
DA:234,8
DA:235,0
DA:236,0
DA:237,0
DA:239,8
DA:242,7
DA:243,3
DA:246,7
DA:247,74
DA:250,7
DA:251,0
DA:254,7
DA:255,100
DA:256,100
DA:257,100
DA:259,7
LF:136
LH:114
BRDA:31,0,0,0
BRDA:31,0,1,51
BRDA:32,1,0,51
BRDA:32,1,1,0
BRDA:32,2,0,51
BRDA:32,2,1,51
BRDA:44,3,0,0
BRDA:44,3,1,177
BRDA:55,4,0,0
BRDA:55,4,1,177
BRDA:56,5,0,0
BRDA:56,5,1,0
BRDA:65,6,0,99
BRDA:65,6,1,78
BRDA:65,7,0,177
BRDA:65,7,1,138
BRDA:65,7,2,138
BRDA:73,8,0,0
BRDA:73,8,1,2
BRDA:82,9,0,55
BRDA:82,9,1,9
BRDA:90,10,0,24
BRDA:90,10,1,0
BRDA:98,11,0,51
BRDA:98,11,1,10
BRDA:108,12,0,8
BRDA:108,12,1,0
BRDA:116,13,0,0
BRDA:116,13,1,0
BRDA:129,14,0,50
BRDA:129,14,1,50
BRDA:135,15,0,50
BRDA:135,15,1,50
BRDA:144,16,0,178
BRDA:144,16,1,99
BRDA:144,17,0,277
BRDA:144,17,1,178
BRDA:151,18,0,50
BRDA:151,18,1,0
BRDA:152,19,0,0
BRDA:152,19,1,50
BRDA:154,20,0,50
BRDA:154,20,1,0
BRDA:154,21,0,50
BRDA:154,21,1,50
BRDA:154,21,2,50
BRDA:172,22,0,99
BRDA:172,22,1,2
BRDA:187,23,0,51
BRDA:187,23,1,50
BRDA:202,24,0,50
BRDA:202,24,1,5
BRDA:212,25,0,47
BRDA:212,25,1,4
BRDA:226,26,0,24
BRDA:226,26,1,0
BRDA:234,27,0,0
BRDA:234,27,1,8
BRDA:242,28,0,0
BRDA:242,28,1,3
BRF:60
BRH:43
end_of_record
TN:
SF:src/mesh-stream/relay-stream/filters.ts
FN:3,makeDestFilter
FN:4,(anonymous_1)
FN:10,makeDestPrefixFilter
FN:11,(anonymous_3)
FNF:4
FNH:4
FNDA:4,makeDestFilter
FNDA:12,(anonymous_1)
FNDA:3,makeDestPrefixFilter
FNDA:8,(anonymous_3)
DA:1,7
DA:3,7
DA:4,4
DA:5,12
DA:6,12
DA:10,7
DA:11,3
DA:12,8
DA:13,3
LF:9
LH:9
BRDA:12,0,0,0
BRDA:12,0,1,8
BRF:2
BRH:1
end_of_record
TN:
SF:src/mesh-stream/relay-stream/index.ts
FN:65,(anonymous_13)
FN:79,RelayStream
FN:92,(anonymous_15)
FN:98,(anonymous_16)
FN:102,(anonymous_17)
FN:106,(anonymous_18)
FN:110,(anonymous_19)
FN:114,(anonymous_20)
FN:118,(anonymous_21)
FN:126,(anonymous_22)
FN:130,(anonymous_23)
FN:137,(anonymous_24)
FN:141,(anonymous_25)
FN:145,(anonymous_26)
FN:150,(anonymous_27)
FN:175,(anonymous_28)
FN:187,toReplacer
FN:189,(anonymous_30)
FN:199,format
FN:201,(anonymous_32)
FN:207,formatMessage
FNF:21
FNH:19
FNDA:7,(anonymous_13)
FNDA:44,RelayStream
FNDA:6,(anonymous_15)
FNDA:44,(anonymous_16)
FNDA:0,(anonymous_17)
FNDA:40,(anonymous_18)
FNDA:234,(anonymous_19)
FNDA:0,(anonymous_20)
FNDA:82,(anonymous_21)
FNDA:44,(anonymous_22)
FNDA:213,(anonymous_23)
FNDA:185,(anonymous_24)
FNDA:213,(anonymous_25)
FNDA:6,(anonymous_26)
FNDA:257,(anonymous_27)
FNDA:185,(anonymous_28)
FNDA:44,toReplacer
FNDA:6,(anonymous_30)
FNDA:20,format
FNDA:60,(anonymous_32)
FNDA:398,formatMessage
DA:1,7
DA:2,7
DA:3,7
DA:19,7
DA:65,7
DA:71,44
DA:72,44
DA:73,44
DA:74,44
DA:77,44
DA:79,44
DA:80,44
DA:81,44
DA:82,44
DA:83,44
DA:84,44
DA:85,44
DA:86,44
DA:88,44
DA:93,6
DA:98,7
DA:99,44
DA:102,7
DA:103,0
DA:106,7
DA:107,40
DA:110,7
DA:111,234
DA:114,7
DA:115,0
DA:118,7
DA:119,82
DA:120,44
DA:121,44
DA:123,82
DA:126,7
DA:127,44
DA:130,7
DA:131,213
DA:132,213
DA:133,213
DA:134,213
DA:137,7
DA:138,185
DA:141,7
DA:142,213
DA:145,7
DA:146,6
DA:147,6
DA:150,7
DA:151,257
DA:152,44
DA:153,44
DA:154,44
DA:156,44
DA:157,44
DA:158,44
DA:159,44
DA:160,44
DA:162,213
DA:163,213
DA:164,213
DA:165,213
DA:166,189
DA:167,189
DA:168,4
DA:170,185
DA:171,185
DA:172,185
DA:173,185
DA:175,185
DA:176,185
DA:180,24
DA:183,72
DA:185,7
DA:188,44
DA:190,6
DA:191,6
DA:192,6
DA:196,44
DA:200,20
DA:201,60
DA:202,60
DA:204,20
DA:208,398
DA:209,382
DA:212,16
DA:213,16
DA:215,4
DA:216,4
DA:220,4
DA:221,4
DA:223,4
DA:224,4
DA:225,4
DA:227,4
DA:228,4
DA:229,4
DA:231,0
DA:232,0
DA:236,0
DA:238,0
DA:239,0
DA:240,0
DA:242,4
DA:243,4
DA:244,4
DA:246,0
DA:248,16
DA:251,7
LF:110
LH:101
BRDA:79,0,0,0
BRDA:79,0,1,44
BRDA:80,1,0,44
BRDA:80,1,1,0
BRDA:81,2,0,44
BRDA:81,2,1,0
BRDA:81,3,0,44
BRDA:81,3,1,44
BRDA:82,4,0,4
BRDA:82,4,1,40
BRDA:82,5,0,44
BRDA:82,5,1,44
BRDA:83,6,0,1
BRDA:83,6,1,43
BRDA:83,7,0,44
BRDA:83,7,1,44
BRDA:84,8,0,1
BRDA:84,8,1,43
BRDA:84,9,0,44
BRDA:84,9,1,44
BRDA:85,10,0,4
BRDA:85,10,1,40
BRDA:85,11,0,44
BRDA:85,11,1,44
BRDA:119,12,0,44
BRDA:119,12,1,38
BRDA:151,13,0,44
BRDA:151,13,1,213
BRDA:165,14,0,189
BRDA:165,14,1,24
BRDA:167,15,0,4
BRDA:167,15,1,185
BRDA:167,16,0,189
BRDA:167,16,1,4
BRDA:173,17,0,185
BRDA:173,17,1,0
BRDA:208,18,0,382
BRDA:208,18,1,16
BRDA:208,19,0,398
BRDA:208,19,1,398
BRDA:214,20,0,4
BRDA:214,20,1,4
BRDA:214,20,2,4
BRDA:214,20,3,0
BRDA:214,20,4,0
BRDA:214,20,5,4
BRDA:214,20,6,0
BRF:47
BRH:40
end_of_record
TN:
SF:src/utils/escape-regexp.ts
FN:24,escapeRegExp
FNF:1
FNH:1
FNDA:12,escapeRegExp
DA:1,7
DA:22,7
DA:24,7
DA:25,12
LF:4
LH:4
BRF:0
BRH:0
end_of_record
TN:
SF:src/utils/index.ts
FN:9,noop
FN:13,now
FN:17,isPromise
FN:25,trueToNull
FN:29,(anonymous_8)
FN:29,(anonymous_9)
FN:29,(anonymous_10)
FNF:7
FNH:6
FNDA:0,noop
FNDA:184,now
FNDA:185,isPromise
FNDA:63,trueToNull
FNDA:51,(anonymous_8)
FNDA:51,(anonymous_9)
FNDA:13,(anonymous_10)
DA:2,7
DA:4,7
DA:5,7
DA:6,7
DA:7,7
DA:9,7
DA:13,7
DA:14,184
DA:17,7
DA:18,185
DA:25,7
DA:26,63
DA:29,51
LF:13
LH:13
BRDA:19,0,0,185
BRDA:19,0,1,185
BRDA:19,0,2,0
BRDA:19,0,3,185
BRDA:26,1,0,63
BRDA:26,1,1,0
BRF:6
BRH:4
end_of_record
